[2015-05-07 15:02:59.365817]|WARN|nebula_sdk.c:55:(NebulaInit):load archive file failed...
[2015-05-07 15:02:59.365960]|INFO|nebula_sdk.c:95:(__NebulaStart):set status to eStatus_Redirect
[2015-05-07 15:02:59.387127]|INFO|redirect.c:119:(NebulaRedirect):HTTPS POST. url=https://p.meizu.com/push/redirect, params=uid=R10WZOANC5400EE&nonce=y9757acx1eve7nmoigsz8fxqqqvjj&ts=1430982179&sign=915a7e6c46cb4894f43e0626835ca183
[2015-05-07 15:03:00.110994]|INFO|redirect.c:126:(NebulaRedirect):curl_easy_perform success. response={"code":200,"hostlist":[{"ip":"121.14.58.42","port":8080},{"ip":"122.13.148.217","port":8080}],"md5_daa":{"rule":"hhs","salt":"fdsafdsafewqfewq"}}

[2015-05-07 15:03:00.111336]|INFO|nebula_sdk.c:100:(__NebulaStart):set status to eStatus_LoopTest
[2015-05-07 15:03:00.131505]|INFO|nebula_sdk.c:108:(__NebulaStart):set status to eStatus_Connect
[2015-05-07 15:03:00.151805]|INFO|connect.c:159:(NebulaConnect):connect to server:121.14.58.42:8080
[2015-05-07 15:03:00.151889]|INFO|nebula_sdk.c:113:(__NebulaStart):set status to eStatus_Connecting
[2015-05-07 15:03:00.157523]|INFO|connect.c:31:(__on_connect):connect success, server_addr:121.14.58.42:8080
[2015-05-07 15:03:00.157623]|INFO|connect.c:34:(__on_connect):set status to eStatus_Auth1
[2015-05-07 15:03:00.157811]|DEBUG|net.c:143:(NebulaConnSend):NEBULA TX REQ AUTH|62
[2015-05-07 15:03:00.157851]|INFO|nebula_sdk.c:125:(__NebulaStart):set status to eStatus_Auth1_Waiting
[2015-05-07 15:03:00.168268]|DEBUG|connect.c:46:(__handle_message):NEBULA RX RSP AUTH|112
[2015-05-07 15:03:00.180330]|DEBUG|net.c:143:(NebulaConnSend):NEBULA TX REQ AUTH|140
[2015-05-07 15:03:00.180446]|INFO|auth.c:107:(NebulaOnAuth):set status to eStatus_Auth2
[2015-05-07 15:03:00.187501]|DEBUG|connect.c:46:(__handle_message):NEBULA RX RSP AUTH|47
[2015-05-07 15:03:00.187558]|INFO|auth.c:44:(NebulaOnAuth):set status to eStatus_Sub
[2015-05-07 15:03:00.187600]|DEBUG|net.c:143:(NebulaConnSend):NEBULA TX REQ SUB|46
[2015-05-07 15:03:00.196984]|DEBUG|connect.c:46:(__handle_message):NEBULA RX RSP SUB|96
[2015-05-07 15:03:00.197133]|INFO|subscribe.c:45:(NebulaOnSubSuccess):sub com.meizu.router success.
[2015-05-07 15:03:00.197194]|INFO|nebula_sdk.c:139:(__NebulaStart):set status to eStatus_Estab
[2015-05-07 15:03:00.337788]|DEBUG|net.c:143:(NebulaConnSend):NEBULA TX REQ PING|0
[2015-05-07 15:03:00.352052]|DEBUG|connect.c:46:(__handle_message):NEBULA RX RSP PING|0
[2015-05-07 15:03:00.352100]|DEBUG|connect.c:49:(__handle_message):pong.
